Started GET "/" for 127.0.0.1 at 2021-05-13 19:10:18 -0300
  
ActiveRecord::NoDatabaseError (FATAL:  database "url_tracking_development" does not exist
):
  
activerecord (5.2.1) lib/active_record/connection_adapters/postgresql_adapter.rb:688:in `rescue in connect'
activerecord (5.2.1) lib/active_record/connection_adapters/postgresql_adapter.rb:683:in `connect'
activerecord (5.2.1) lib/active_record/connection_adapters/postgresql_adapter.rb:215:in `initialize'
activerecord (5.2.1) lib/active_record/connection_adapters/postgresql_adapter.rb:40:in `new'
activerecord (5.2.1) lib/active_record/connection_adapters/postgresql_adapter.rb:40:in `postgresql_connection'
activerecord (5.2.1) lib/active_record/connection_adapters/abstract/connection_pool.rb:809:in `new_connection'
activerecord (5.2.1) lib/active_record/connection_adapters/abstract/connection_pool.rb:853:in `checkout_new_connection'
activerecord (5.2.1) lib/active_record/connection_adapters/abstract/connection_pool.rb:832:in `try_to_checkout_new_connection'
activerecord (5.2.1) lib/active_record/connection_adapters/abstract/connection_pool.rb:793:in `acquire_connection'
activerecord (5.2.1) lib/active_record/connection_adapters/abstract/connection_pool.rb:521:in `checkout'
activerecord (5.2.1) lib/active_record/connection_adapters/abstract/connection_pool.rb:380:in `connection'
activerecord (5.2.1) lib/active_record/connection_adapters/abstract/connection_pool.rb:1008:in `retrieve_connection'
activerecord (5.2.1) lib/active_record/connection_handling.rb:118:in `retrieve_connection'
activerecord (5.2.1) lib/active_record/connection_handling.rb:90:in `connection'
activerecord (5.2.1) lib/active_record/migration.rb:554:in `call'
actionpack (5.2.1) lib/action_dispatch/middleware/callbacks.rb:28:in `block in call'
activesupport (5.2.1) lib/active_support/callbacks.rb:98:in `run_callbacks'
actionpack (5.2.1) lib/action_dispatch/middleware/callbacks.rb:26:in `call'
actionpack (5.2.1) lib/action_dispatch/middleware/executor.rb:14:in `call'
actionpack (5.2.1) lib/action_dispatch/middleware/debug_exceptions.rb:61:in `call'
web-console (3.7.0) lib/web_console/middleware.rb:135:in `call_app'
web-console (3.7.0) lib/web_console/middleware.rb:30:in `block in call'
web-console (3.7.0) lib/web_console/middleware.rb:20:in `catch'
web-console (3.7.0) lib/web_console/middleware.rb:20:in `call'
actionpack (5.2.1) lib/action_dispatch/middleware/show_exceptions.rb:33:in `call'
railties (5.2.1) lib/rails/rack/logger.rb:38:in `call_app'
railties (5.2.1) lib/rails/rack/logger.rb:26:in `block in call'
activesupport (5.2.1) lib/active_support/tagged_logging.rb:71:in `block in tagged'
activesupport (5.2.1) lib/active_support/tagged_logging.rb:28:in `tagged'
activesupport (5.2.1) lib/active_support/tagged_logging.rb:71:in `tagged'
railties (5.2.1) lib/rails/rack/logger.rb:26:in `call'
sprockets-rails (3.2.1) lib/sprockets/rails/quiet_assets.rb:13:in `call'
actionpack (5.2.1) lib/action_dispatch/middleware/remote_ip.rb:81:in `call'
actionpack (5.2.1) lib/action_dispatch/middleware/request_id.rb:27:in `call'
rack (2.2.3) lib/rack/method_override.rb:24:in `call'
rack (2.2.3) lib/rack/runtime.rb:22:in `call'
activesupport (5.2.1) lib/active_support/cache/strategy/local_cache_middleware.rb:29:in `call'
actionpack (5.2.1) lib/action_dispatch/middleware/executor.rb:14:in `call'
actionpack (5.2.1) lib/action_dispatch/middleware/static.rb:127:in `call'
rack (2.2.3) lib/rack/sendfile.rb:110:in `call'
railties (5.2.1) lib/rails/engine.rb:524:in `call'
puma (5.2.1) lib/puma/configuration.rb:247:in `call'
puma (5.2.1) lib/puma/request.rb:76:in `block in handle_request'
puma (5.2.1) lib/puma/thread_pool.rb:337:in `with_force_shutdown'
puma (5.2.1) lib/puma/request.rb:75:in `handle_request'
puma (5.2.1) lib/puma/server.rb:431:in `process_client'
puma (5.2.1) lib/puma/thread_pool.rb:145:in `block in spawn_thread'
  [1m[35m (106.3ms)[0m  [1m[35mCREATE DATABASE "url_tracking_development" ENCODING = 'unicode'[0m
  ↳ bin/rails:11
  [1m[35m (0.4ms)[0m  [1m[35mCREATE DATABASE "url_tracking_development" ENCODING = 'unicode'[0m
  ↳ bin/rails:11
  [1m[35m (40.6ms)[0m  [1m[35mCREATE DATABASE "url_tracking_test" ENCODING = 'unicode'[0m
  ↳ bin/rails:11
  [1m[35m (5.8ms)[0m  [1m[35mCREATE TABLE "schema_migrations" ("version" character varying NOT NULL PRIMARY KEY)[0m
  ↳ bin/rails:11
  [1m[35m (3.2ms)[0m  [1m[35mCREATE TABLE "ar_internal_metadata" ("key" character varying NOT NULL PRIMARY KEY, "value" character varying, "created_at" timestamp NOT NULL, "updated_at" timestamp NOT NULL)[0m
  ↳ bin/rails:11
  [1m[35m (0.5ms)[0m  [1m[34mSELECT pg_try_advisory_lock(3874450662253267635)[0m
  ↳ bin/rails:11
  [1m[35m (0.5ms)[0m  [1m[34mSELECT "schema_migrations"."version" FROM "schema_migrations" ORDER BY "schema_migrations"."version" ASC[0m
  ↳ bin/rails:11
Migrating to CreateUrls (20180816184652)
  [1m[35m (0.2ms)[0m  [1m[35mBEGIN[0m
  ↳ bin/rails:11
  [1m[35m (4.2ms)[0m  [1m[35mCREATE TABLE "urls" ("id" bigserial primary key, "created_at" timestamp DEFAULT NOW() NOT NULL, "updated_at" timestamp DEFAULT NOW() NOT NULL, "short_url" character varying NOT NULL, "original_url" character varying NOT NULL, "clicks_count" integer DEFAULT 0)[0m
  ↳ db/migrate/20180816184652_create_urls.rb:5
  [1m[35m (1.1ms)[0m  [1m[35mCREATE UNIQUE INDEX  "index_urls_on_short_url" ON "urls"  ("short_url")[0m
  ↳ db/migrate/20180816184652_create_urls.rb:5
  [1m[36mActiveRecord::SchemaMigration Create (0.4ms)[0m  [1m[32mINSERT INTO "schema_migrations" ("version") VALUES ($1) RETURNING "version"[0m  [["version", "20180816184652"]]
  ↳ bin/rails:11
  [1m[35m (0.6ms)[0m  [1m[35mCOMMIT[0m
  ↳ bin/rails:11
Migrating to CreateClicks (20180816185151)
  [1m[35m (0.2ms)[0m  [1m[35mBEGIN[0m
  ↳ bin/rails:11
  [1m[35m (3.0ms)[0m  [1m[35mCREATE TABLE "clicks" ("id" bigserial primary key, "created_at" timestamp NOT NULL, "updated_at" timestamp NOT NULL, "url_id" bigint, "browser" character varying NOT NULL, "platform" character varying NOT NULL, CONSTRAINT "fk_rails_2f2ced7848"
FOREIGN KEY ("url_id")
  REFERENCES "urls" ("id")
)[0m
  ↳ db/migrate/20180816185151_create_clicks.rb:5
  [1m[35m (1.1ms)[0m  [1m[35mCREATE  INDEX  "index_clicks_on_url_id" ON "clicks"  ("url_id")[0m
  ↳ db/migrate/20180816185151_create_clicks.rb:5
  [1m[36mActiveRecord::SchemaMigration Create (0.3ms)[0m  [1m[32mINSERT INTO "schema_migrations" ("version") VALUES ($1) RETURNING "version"[0m  [["version", "20180816185151"]]
  ↳ bin/rails:11
  [1m[35m (0.7ms)[0m  [1m[35mCOMMIT[0m
  ↳ bin/rails:11
  [1m[36mActiveRecord::InternalMetadata Load (0.4ms)[0m  [1m[34mSELECT  "ar_internal_metadata".* FROM "ar_internal_metadata" WHERE "ar_internal_metadata"."key" = $1 LIMIT $2[0m  [["key", "environment"], ["LIMIT", 1]]
  ↳ bin/rails:11
  [1m[35m (0.2ms)[0m  [1m[35mBEGIN[0m
  ↳ bin/rails:11
  [1m[36mActiveRecord::InternalMetadata Create (0.3ms)[0m  [1m[32mINSERT INTO "ar_internal_metadata" ("key", "value", "created_at", "updated_at") VALUES ($1, $2, $3, $4) RETURNING "key"[0m  [["key", "environment"], ["value", "development"], ["created_at", "2021-05-13 22:12:05.295460"], ["updated_at", "2021-05-13 22:12:05.295460"]]
  ↳ bin/rails:11
  [1m[35m (0.6ms)[0m  [1m[35mCOMMIT[0m
  ↳ bin/rails:11
  [1m[35m (0.3ms)[0m  [1m[34mSELECT pg_advisory_unlock(3874450662253267635)[0m
  ↳ bin/rails:11
  [1m[35m (0.2ms)[0m  [1m[34mSELECT "schema_migrations"."version" FROM "schema_migrations" ORDER BY "schema_migrations"."version" ASC[0m
  ↳ bin/rails:11
Started GET "/" for 127.0.0.1 at 2021-05-13 19:13:26 -0300
  [1m[35m (0.7ms)[0m  [1m[34mSELECT "schema_migrations"."version" FROM "schema_migrations" ORDER BY "schema_migrations"."version" ASC[0m
  ↳ /home/leticia/.rvm/gems/ruby-2.6.6/gems/activerecord-5.2.1/lib/active_record/log_subscriber.rb:98
Processing by UrlsController#index as HTML
  Rendering urls/index.html.erb within layouts/application
  Rendered urls/index.html.erb within layouts/application (11.4ms)
Completed 200 OK in 309ms (Views: 280.9ms | ActiveRecord: 11.9ms)


Started GET "/" for 127.0.0.1 at 2021-05-13 19:15:49 -0300
Processing by UrlsController#index as HTML
  Rendering urls/index.html.erb within layouts/application
  Rendered urls/index.html.erb within layouts/application (1.2ms)
Completed 200 OK in 16ms (Views: 14.0ms | ActiveRecord: 0.0ms)


Started GET "/" for 127.0.0.1 at 2021-05-13 19:16:51 -0300
Processing by UrlsController#index as HTML
  Rendering urls/index.html.erb within layouts/application
  Rendered urls/index.html.erb within layouts/application (1.0ms)
Completed 200 OK in 11ms (Views: 9.8ms | ActiveRecord: 0.0ms)


Started GET "/" for 127.0.0.1 at 2021-05-13 19:17:28 -0300
Processing by UrlsController#index as HTML
  Rendering urls/index.html.erb within layouts/application
  Rendered urls/index.html.erb within layouts/application (3.0ms)
Completed 200 OK in 23ms (Views: 21.8ms | ActiveRecord: 0.0ms)


Started GET "/urls/ABCDE" for 127.0.0.1 at 2021-05-13 19:19:59 -0300
Processing by UrlsController#show as HTML
  Parameters: {"url"=>"ABCDE"}
  Rendering urls/show.html.erb within layouts/application
  Rendered urls/show.html.erb within layouts/application (1.5ms)
Completed 200 OK in 38ms (Views: 36.5ms | ActiveRecord: 0.0ms)


Started GET "/" for 127.0.0.1 at 2021-05-13 19:22:38 -0300
Processing by UrlsController#index as HTML
  Rendering urls/index.html.erb within layouts/application
  Rendered urls/index.html.erb within layouts/application (2.0ms)
Completed 200 OK in 25ms (Views: 14.8ms | ActiveRecord: 4.9ms)


Started GET "/" for 127.0.0.1 at 2021-05-13 19:23:28 -0300
Processing by UrlsController#index as HTML
  Rendering urls/index.html.erb within layouts/application
  Rendered urls/index.html.erb within layouts/application (1.2ms)
Completed 200 OK in 16ms (Views: 14.9ms | ActiveRecord: 0.0ms)


Started POST "/urls" for 127.0.0.1 at 2021-05-13 19:33:25 -0300
  
SyntaxError (/home/leticia/repositories/url_tracking/app/controllers/urls_controller.rb:55: syntax error, unexpected ')', expecting tSTRING_CONTENT or tSTRING_DBEG or tSTRING_DVAR or tSTRING_END
    params.permit(:)
                   ^):
  
app/controllers/urls_controller.rb:55: syntax error, unexpected ')', expecting tSTRING_CONTENT or tSTRING_DBEG or tSTRING_DVAR or tSTRING_END
Started POST "/urls" for 127.0.0.1 at 2021-05-13 19:33:43 -0300
Processing by UrlsController#create as HTML
  Parameters: {"utf8"=>"✓", "authenticity_token"=>"KII1xi86QvCWFq/MtdmPf5+giHrxTG4bourVFy8HPKtYRZiss3avrdN4gtalGNcLAje03sIB4TePFYCzUIa/qQ==", "url"=>{"original_url"=>""}}
No template found for UrlsController#create, rendering head :no_content
Completed 204 No Content in 7ms (ActiveRecord: 0.0ms)


Started POST "/urls" for 127.0.0.1 at 2021-05-13 19:34:05 -0300
Processing by UrlsController#create as HTML
  Parameters: {"utf8"=>"✓", "authenticity_token"=>"KII1xi86QvCWFq/MtdmPf5+giHrxTG4bourVFy8HPKtYRZiss3avrdN4gtalGNcLAje03sIB4TePFYCzUIa/qQ==", "url"=>{"original_url"=>""}}
No template found for UrlsController#create, rendering head :no_content
Completed 204 No Content in 10ms (ActiveRecord: 0.0ms)


Started POST "/urls" for 127.0.0.1 at 2021-05-13 19:34:49 -0300
Processing by UrlsController#create as HTML
  Parameters: {"utf8"=>"✓", "authenticity_token"=>"KII1xi86QvCWFq/MtdmPf5+giHrxTG4bourVFy8HPKtYRZiss3avrdN4gtalGNcLAje03sIB4TePFYCzUIa/qQ==", "url"=>{"original_url"=>"teste"}}
No template found for UrlsController#create, rendering head :no_content
Completed 204 No Content in 6ms (ActiveRecord: 0.0ms)


Started POST "/urls" for 127.0.0.1 at 2021-05-13 19:35:06 -0300
Processing by UrlsController#create as HTML
  Parameters: {"utf8"=>"✓", "authenticity_token"=>"KII1xi86QvCWFq/MtdmPf5+giHrxTG4bourVFy8HPKtYRZiss3avrdN4gtalGNcLAje03sIB4TePFYCzUIa/qQ==", "url"=>{"original_url"=>"teste"}}
No template found for UrlsController#create, rendering head :no_content
Completed 204 No Content in 8ms (ActiveRecord: 0.0ms)


Started POST "/urls" for 127.0.0.1 at 2021-05-13 19:45:37 -0300
Processing by UrlsController#create as HTML
  Parameters: {"utf8"=>"✓", "authenticity_token"=>"KII1xi86QvCWFq/MtdmPf5+giHrxTG4bourVFy8HPKtYRZiss3avrdN4gtalGNcLAje03sIB4TePFYCzUIa/qQ==", "url"=>{"original_url"=>"teste"}}
Completed 500 Internal Server Error in 5ms (ActiveRecord: 0.0ms)


  
NoMethodError (undefined method `before_validation' for main:Object):
  
app/models/url.rb:3:in `<main>'
app/controllers/urls_controller.rb:15:in `create'
Started POST "/urls" for 127.0.0.1 at 2021-05-13 19:46:23 -0300
Processing by UrlsController#create as HTML
  Parameters: {"utf8"=>"✓", "authenticity_token"=>"KII1xi86QvCWFq/MtdmPf5+giHrxTG4bourVFy8HPKtYRZiss3avrdN4gtalGNcLAje03sIB4TePFYCzUIa/qQ==", "url"=>{"original_url"=>"teste"}}
No template found for UrlsController#create, rendering head :no_content
Completed 204 No Content in 18ms (ActiveRecord: 7.1ms)


Started POST "/urls" for 127.0.0.1 at 2021-05-13 19:46:55 -0300
Processing by UrlsController#create as HTML
  Parameters: {"utf8"=>"✓", "authenticity_token"=>"KII1xi86QvCWFq/MtdmPf5+giHrxTG4bourVFy8HPKtYRZiss3avrdN4gtalGNcLAje03sIB4TePFYCzUIa/qQ==", "url"=>{"original_url"=>"teste"}}
No template found for UrlsController#create, rendering head :no_content
Completed 204 No Content in 19ms (ActiveRecord: 4.0ms)


Started POST "/urls" for 127.0.0.1 at 2021-05-13 19:47:18 -0300
Processing by UrlsController#create as HTML
  Parameters: {"utf8"=>"✓", "authenticity_token"=>"KII1xi86QvCWFq/MtdmPf5+giHrxTG4bourVFy8HPKtYRZiss3avrdN4gtalGNcLAje03sIB4TePFYCzUIa/qQ==", "url"=>{"original_url"=>"teste"}}
No template found for UrlsController#create, rendering head :no_content
Completed 204 No Content in 21ms (ActiveRecord: 5.0ms)


  [1m[36mUrl Load (0.3ms)[0m  [1m[34mSELECT  "urls".* FROM "urls" LIMIT $1[0m  [["LIMIT", 11]]
  [1m[35m (0.8ms)[0m  [1m[34mSELECT COUNT(*) FROM "urls"[0m
  [1m[35m (0.7ms)[0m  [1m[34mSELECT COUNT(*) FROM "urls"[0m
  [1m[35m (0.7ms)[0m  [1m[34mSELECT COUNT(*) FROM "urls"[0m
Started GET "/" for 127.0.0.1 at 2021-05-13 19:50:42 -0300
Processing by UrlsController#index as HTML
  Rendering urls/index.html.erb within layouts/application
  Rendered urls/index.html.erb within layouts/application (1.1ms)
Completed 500 Internal Server Error in 5ms (ActiveRecord: 0.0ms)


  
ActionView::Template::Error (First argument in form cannot contain nil or be empty):
    3: <% end %>
    4: <div class="row">
    5:   <div class="col m12">
    6:     <%= form_for @url do |f| %>
    7:       <div class="card">
    8:         <div class="card-content">
    9:           <div class="row">
  
app/views/urls/index.html.erb:6:in `_app_views_urls_index_html_erb___4010151488281719674_69922387183100'
Started GET "/" for 127.0.0.1 at 2021-05-13 19:50:51 -0300
Processing by UrlsController#index as HTML
  Rendering urls/index.html.erb within layouts/application
  [1m[36mUrl Load (0.5ms)[0m  [1m[34mSELECT "urls".* FROM "urls"[0m
  ↳ app/views/urls/index.html.erb:38
  Rendered urls/index.html.erb within layouts/application (2.9ms)
Completed 200 OK in 24ms (Views: 14.8ms | ActiveRecord: 3.8ms)


  [1m[35m (0.5ms)[0m  [1m[34mSELECT COUNT(*) FROM "urls"[0m
Started POST "/urls" for 127.0.0.1 at 2021-05-13 19:51:51 -0300
Processing by UrlsController#create as HTML
  Parameters: {"utf8"=>"✓", "authenticity_token"=>"MQfhHiyAJmLTTXXy/R/8rH/BIZGkkooZbHK45gKG9DJBwEx0sMzLP5YjWOjt3qTY4lYdNZffBTVBje1CfQd3MA==", "url"=>{"original_url"=>"teste"}}
  [1m[35m (0.3ms)[0m  [1m[35mBEGIN[0m
  ↳ app/controllers/urls_controller.rb:12
  [1m[35m (0.3ms)[0m  [1m[31mROLLBACK[0m
  ↳ app/controllers/urls_controller.rb:12
Completed 500 Internal Server Error in 22ms (ActiveRecord: 6.8ms)


  
NoMethodError (undefined method `slug' for #<Url:0x00007f30260305b8>):
  
app/models/url.rb:12:in `generate_short_url'
app/controllers/urls_controller.rb:12:in `create'
Started POST "/urls" for 127.0.0.1 at 2021-05-13 19:52:11 -0300
Processing by UrlsController#create as HTML
  Parameters: {"utf8"=>"✓", "authenticity_token"=>"MQfhHiyAJmLTTXXy/R/8rH/BIZGkkooZbHK45gKG9DJBwEx0sMzLP5YjWOjt3qTY4lYdNZffBTVBje1CfQd3MA==", "url"=>{"original_url"=>"teste"}}
  [1m[35m (0.2ms)[0m  [1m[35mBEGIN[0m
  ↳ app/controllers/urls_controller.rb:12
  [1m[35m (0.2ms)[0m  [1m[31mROLLBACK[0m
  ↳ app/controllers/urls_controller.rb:12
No template found for UrlsController#create, rendering head :no_content
Completed 204 No Content in 22ms (ActiveRecord: 4.0ms)


Started POST "/urls" for 127.0.0.1 at 2021-05-13 19:52:16 -0300
Processing by UrlsController#create as HTML
  Parameters: {"utf8"=>"✓", "authenticity_token"=>"MQfhHiyAJmLTTXXy/R/8rH/BIZGkkooZbHK45gKG9DJBwEx0sMzLP5YjWOjt3qTY4lYdNZffBTVBje1CfQd3MA==", "url"=>{"original_url"=>"teste"}}
  [1m[35m (0.2ms)[0m  [1m[35mBEGIN[0m
  ↳ app/controllers/urls_controller.rb:12
  [1m[35m (0.3ms)[0m  [1m[31mROLLBACK[0m
  ↳ app/controllers/urls_controller.rb:12
No template found for UrlsController#create, rendering head :no_content
Completed 204 No Content in 12ms (ActiveRecord: 0.5ms)


Started POST "/urls" for 127.0.0.1 at 2021-05-13 19:52:53 -0300
Processing by UrlsController#create as HTML
  Parameters: {"utf8"=>"✓", "authenticity_token"=>"MQfhHiyAJmLTTXXy/R/8rH/BIZGkkooZbHK45gKG9DJBwEx0sMzLP5YjWOjt3qTY4lYdNZffBTVBje1CfQd3MA==", "url"=>{"original_url"=>"teste"}}
  [1m[35m (0.2ms)[0m  [1m[35mBEGIN[0m
  ↳ app/controllers/urls_controller.rb:13
  [1m[35m (0.3ms)[0m  [1m[31mROLLBACK[0m
  ↳ app/controllers/urls_controller.rb:13
No template found for UrlsController#create, rendering head :no_content
Completed 204 No Content in 23ms (ActiveRecord: 4.6ms)


  [1m[35m (0.6ms)[0m  [1m[34mSELECT COUNT(*) FROM "urls"[0m
  [1m[35m (0.7ms)[0m  [1m[34mSELECT COUNT(*) FROM "urls"[0m
Started POST "/urls" for 127.0.0.1 at 2021-05-13 19:53:19 -0300
Processing by UrlsController#create as HTML
  Parameters: {"utf8"=>"✓", "authenticity_token"=>"MQfhHiyAJmLTTXXy/R/8rH/BIZGkkooZbHK45gKG9DJBwEx0sMzLP5YjWOjt3qTY4lYdNZffBTVBje1CfQd3MA==", "url"=>{"original_url"=>"teste"}}
Unpermitted parameters: :utf8, :authenticity_token, :url
  [1m[35m (0.3ms)[0m  [1m[35mBEGIN[0m
  ↳ app/controllers/urls_controller.rb:13
  [1m[35m (0.2ms)[0m  [1m[31mROLLBACK[0m
  ↳ app/controllers/urls_controller.rb:13
No template found for UrlsController#create, rendering head :no_content
Completed 204 No Content in 19ms (ActiveRecord: 2.9ms)


Started POST "/urls" for 127.0.0.1 at 2021-05-13 19:54:50 -0300
Processing by UrlsController#create as HTML
  Parameters: {"utf8"=>"✓", "authenticity_token"=>"MQfhHiyAJmLTTXXy/R/8rH/BIZGkkooZbHK45gKG9DJBwEx0sMzLP5YjWOjt3qTY4lYdNZffBTVBje1CfQd3MA==", "url"=>{"original_url"=>"teste"}}
Unpermitted parameters: :utf8, :authenticity_token, :url
Unpermitted parameters: :utf8, :authenticity_token, :url
No template found for UrlsController#create, rendering head :no_content
Completed 204 No Content in 16ms (ActiveRecord: 3.0ms)


  [1m[35m (0.6ms)[0m  [1m[34mSELECT COUNT(*) FROM "urls"[0m
Started POST "/urls" for 127.0.0.1 at 2021-05-13 19:56:53 -0300
Processing by UrlsController#create as HTML
  Parameters: {"utf8"=>"✓", "authenticity_token"=>"MQfhHiyAJmLTTXXy/R/8rH/BIZGkkooZbHK45gKG9DJBwEx0sMzLP5YjWOjt3qTY4lYdNZffBTVBje1CfQd3MA==", "url"=>{"original_url"=>"teste"}}
Unpermitted parameters: :utf8, :authenticity_token, :url
Unpermitted parameters: :utf8, :authenticity_token, :url
No template found for UrlsController#create, rendering head :no_content
Completed 204 No Content in 20ms (ActiveRecord: 6.0ms)


Started POST "/urls" for 127.0.0.1 at 2021-05-13 19:57:26 -0300
Processing by UrlsController#create as HTML
  Parameters: {"utf8"=>"✓", "authenticity_token"=>"MQfhHiyAJmLTTXXy/R/8rH/BIZGkkooZbHK45gKG9DJBwEx0sMzLP5YjWOjt3qTY4lYdNZffBTVBje1CfQd3MA==", "url"=>{"original_url"=>"teste"}}
Unpermitted parameters: :utf8, :authenticity_token, :url
Unpermitted parameters: :utf8, :authenticity_token, :url
No template found for UrlsController#create, rendering head :no_content
Completed 204 No Content in 22ms (ActiveRecord: 3.5ms)


Started POST "/urls" for 127.0.0.1 at 2021-05-13 19:57:43 -0300
Processing by UrlsController#create as HTML
  Parameters: {"utf8"=>"✓", "authenticity_token"=>"MQfhHiyAJmLTTXXy/R/8rH/BIZGkkooZbHK45gKG9DJBwEx0sMzLP5YjWOjt3qTY4lYdNZffBTVBje1CfQd3MA==", "url"=>{"original_url"=>"teste"}}
Completed 500 Internal Server Error in 10ms (ActiveRecord: 3.3ms)


  
ActiveModel::ForbiddenAttributesError (ActiveModel::ForbiddenAttributesError):
  
app/controllers/urls_controller.rb:13:in `create'
Started POST "/urls" for 127.0.0.1 at 2021-05-13 19:58:46 -0300
Processing by UrlsController#create as HTML
  Parameters: {"utf8"=>"✓", "authenticity_token"=>"MQfhHiyAJmLTTXXy/R/8rH/BIZGkkooZbHK45gKG9DJBwEx0sMzLP5YjWOjt3qTY4lYdNZffBTVBje1CfQd3MA==", "url"=>{"original_url"=>"teste"}}
Completed 500 Internal Server Error in 9ms (ActiveRecord: 2.9ms)


  
ActiveModel::ForbiddenAttributesError (ActiveModel::ForbiddenAttributesError):
  
app/controllers/urls_controller.rb:13:in `create'
Started POST "/urls" for 127.0.0.1 at 2021-05-13 19:59:09 -0300
Processing by UrlsController#create as HTML
  Parameters: {"utf8"=>"✓", "authenticity_token"=>"MQfhHiyAJmLTTXXy/R/8rH/BIZGkkooZbHK45gKG9DJBwEx0sMzLP5YjWOjt3qTY4lYdNZffBTVBje1CfQd3MA==", "url"=>{"original_url"=>"teste"}}
Completed 500 Internal Server Error in 9ms (ActiveRecord: 3.5ms)


  
ArgumentError (When assigning attributes, you must pass a hash as an argument.):
  
app/controllers/urls_controller.rb:13:in `create'
Started POST "/urls" for 127.0.0.1 at 2021-05-13 19:59:33 -0300
  [1m[35m (0.5ms)[0m  [1m[34mSELECT "schema_migrations"."version" FROM "schema_migrations" ORDER BY "schema_migrations"."version" ASC[0m
  ↳ /home/leticia/.rvm/gems/ruby-2.6.6/gems/activerecord-5.2.1/lib/active_record/log_subscriber.rb:98
Processing by UrlsController#create as HTML
  Parameters: {"utf8"=>"✓", "authenticity_token"=>"MQfhHiyAJmLTTXXy/R/8rH/BIZGkkooZbHK45gKG9DJBwEx0sMzLP5YjWOjt3qTY4lYdNZffBTVBje1CfQd3MA==", "url"=>{"original_url"=>"teste"}}
Can't verify CSRF token authenticity.
Completed 422 Unprocessable Entity in 3ms (ActiveRecord: 0.0ms)


  
ActionController::InvalidAuthenticityToken (ActionController::InvalidAuthenticityToken):
  
actionpack (5.2.1) lib/action_controller/metal/request_forgery_protection.rb:211:in `handle_unverified_request'
actionpack (5.2.1) lib/action_controller/metal/request_forgery_protection.rb:243:in `handle_unverified_request'
actionpack (5.2.1) lib/action_controller/metal/request_forgery_protection.rb:238:in `verify_authenticity_token'
activesupport (5.2.1) lib/active_support/callbacks.rb:426:in `block in make_lambda'
activesupport (5.2.1) lib/active_support/callbacks.rb:198:in `block (2 levels) in halting'
actionpack (5.2.1) lib/abstract_controller/callbacks.rb:34:in `block (2 levels) in <module:Callbacks>'
activesupport (5.2.1) lib/active_support/callbacks.rb:199:in `block in halting'
activesupport (5.2.1) lib/active_support/callbacks.rb:513:in `block in invoke_before'
activesupport (5.2.1) lib/active_support/callbacks.rb:513:in `each'
activesupport (5.2.1) lib/active_support/callbacks.rb:513:in `invoke_before'
activesupport (5.2.1) lib/active_support/callbacks.rb:131:in `run_callbacks'
actionpack (5.2.1) lib/abstract_controller/callbacks.rb:41:in `process_action'
actionpack (5.2.1) lib/action_controller/metal/rescue.rb:22:in `process_action'
actionpack (5.2.1) lib/action_controller/metal/instrumentation.rb:34:in `block in process_action'
activesupport (5.2.1) lib/active_support/notifications.rb:168:in `block in instrument'
activesupport (5.2.1) lib/active_support/notifications/instrumenter.rb:23:in `instrument'
activesupport (5.2.1) lib/active_support/notifications.rb:168:in `instrument'
actionpack (5.2.1) lib/action_controller/metal/instrumentation.rb:32:in `process_action'
actionpack (5.2.1) lib/action_controller/metal/params_wrapper.rb:256:in `process_action'
activerecord (5.2.1) lib/active_record/railties/controller_runtime.rb:24:in `process_action'
actionpack (5.2.1) lib/abstract_controller/base.rb:134:in `process'
actionview (5.2.1) lib/action_view/rendering.rb:32:in `process'
actionpack (5.2.1) lib/action_controller/metal.rb:191:in `dispatch'
actionpack (5.2.1) lib/action_controller/metal.rb:252:in `dispatch'
actionpack (5.2.1) lib/action_dispatch/routing/route_set.rb:52:in `dispatch'
actionpack (5.2.1) lib/action_dispatch/routing/route_set.rb:34:in `serve'
actionpack (5.2.1) lib/action_dispatch/journey/router.rb:52:in `block in serve'
actionpack (5.2.1) lib/action_dispatch/journey/router.rb:35:in `each'
actionpack (5.2.1) lib/action_dispatch/journey/router.rb:35:in `serve'
actionpack (5.2.1) lib/action_dispatch/routing/route_set.rb:840:in `call'
rack (2.2.3) lib/rack/tempfile_reaper.rb:15:in `call'
rack (2.2.3) lib/rack/etag.rb:27:in `call'
rack (2.2.3) lib/rack/conditional_get.rb:40:in `call'
rack (2.2.3) lib/rack/head.rb:12:in `call'
actionpack (5.2.1) lib/action_dispatch/http/content_security_policy.rb:18:in `call'
rack (2.2.3) lib/rack/session/abstract/id.rb:266:in `context'
rack (2.2.3) lib/rack/session/abstract/id.rb:260:in `call'
actionpack (5.2.1) lib/action_dispatch/middleware/cookies.rb:670:in `call'
activerecord (5.2.1) lib/active_record/migration.rb:559:in `call'
actionpack (5.2.1) lib/action_dispatch/middleware/callbacks.rb:28:in `block in call'
activesupport (5.2.1) lib/active_support/callbacks.rb:98:in `run_callbacks'
actionpack (5.2.1) lib/action_dispatch/middleware/callbacks.rb:26:in `call'
actionpack (5.2.1) lib/action_dispatch/middleware/executor.rb:14:in `call'
actionpack (5.2.1) lib/action_dispatch/middleware/debug_exceptions.rb:61:in `call'
web-console (3.7.0) lib/web_console/middleware.rb:135:in `call_app'
web-console (3.7.0) lib/web_console/middleware.rb:30:in `block in call'
web-console (3.7.0) lib/web_console/middleware.rb:20:in `catch'
web-console (3.7.0) lib/web_console/middleware.rb:20:in `call'
actionpack (5.2.1) lib/action_dispatch/middleware/show_exceptions.rb:33:in `call'
railties (5.2.1) lib/rails/rack/logger.rb:38:in `call_app'
railties (5.2.1) lib/rails/rack/logger.rb:26:in `block in call'
activesupport (5.2.1) lib/active_support/tagged_logging.rb:71:in `block in tagged'
activesupport (5.2.1) lib/active_support/tagged_logging.rb:28:in `tagged'
activesupport (5.2.1) lib/active_support/tagged_logging.rb:71:in `tagged'
railties (5.2.1) lib/rails/rack/logger.rb:26:in `call'
sprockets-rails (3.2.1) lib/sprockets/rails/quiet_assets.rb:13:in `call'
actionpack (5.2.1) lib/action_dispatch/middleware/remote_ip.rb:81:in `call'
actionpack (5.2.1) lib/action_dispatch/middleware/request_id.rb:27:in `call'
rack (2.2.3) lib/rack/method_override.rb:24:in `call'
rack (2.2.3) lib/rack/runtime.rb:22:in `call'
activesupport (5.2.1) lib/active_support/cache/strategy/local_cache_middleware.rb:29:in `call'
actionpack (5.2.1) lib/action_dispatch/middleware/executor.rb:14:in `call'
actionpack (5.2.1) lib/action_dispatch/middleware/static.rb:127:in `call'
rack (2.2.3) lib/rack/sendfile.rb:110:in `call'
railties (5.2.1) lib/rails/engine.rb:524:in `call'
puma (5.2.1) lib/puma/configuration.rb:247:in `call'
puma (5.2.1) lib/puma/request.rb:76:in `block in handle_request'
puma (5.2.1) lib/puma/thread_pool.rb:337:in `with_force_shutdown'
puma (5.2.1) lib/puma/request.rb:75:in `handle_request'
puma (5.2.1) lib/puma/server.rb:431:in `process_client'
puma (5.2.1) lib/puma/thread_pool.rb:145:in `block in spawn_thread'
  [1m[35m (0.7ms)[0m  [1m[34mSELECT COUNT(*) FROM "urls"[0m
Started POST "/urls" for 127.0.0.1 at 2021-05-13 20:00:05 -0300
Processing by UrlsController#create as HTML
  Parameters: {"utf8"=>"✓", "authenticity_token"=>"MQfhHiyAJmLTTXXy/R/8rH/BIZGkkooZbHK45gKG9DJBwEx0sMzLP5YjWOjt3qTY4lYdNZffBTVBje1CfQd3MA==", "url"=>{"original_url"=>"teste"}}
Can't verify CSRF token authenticity.
Completed 422 Unprocessable Entity in 1ms (ActiveRecord: 0.0ms)


  
ActionController::InvalidAuthenticityToken (ActionController::InvalidAuthenticityToken):
  
actionpack (5.2.1) lib/action_controller/metal/request_forgery_protection.rb:211:in `handle_unverified_request'
actionpack (5.2.1) lib/action_controller/metal/request_forgery_protection.rb:243:in `handle_unverified_request'
actionpack (5.2.1) lib/action_controller/metal/request_forgery_protection.rb:238:in `verify_authenticity_token'
activesupport (5.2.1) lib/active_support/callbacks.rb:426:in `block in make_lambda'
activesupport (5.2.1) lib/active_support/callbacks.rb:198:in `block (2 levels) in halting'
actionpack (5.2.1) lib/abstract_controller/callbacks.rb:34:in `block (2 levels) in <module:Callbacks>'
activesupport (5.2.1) lib/active_support/callbacks.rb:199:in `block in halting'
activesupport (5.2.1) lib/active_support/callbacks.rb:513:in `block in invoke_before'
activesupport (5.2.1) lib/active_support/callbacks.rb:513:in `each'
activesupport (5.2.1) lib/active_support/callbacks.rb:513:in `invoke_before'
activesupport (5.2.1) lib/active_support/callbacks.rb:131:in `run_callbacks'
actionpack (5.2.1) lib/abstract_controller/callbacks.rb:41:in `process_action'
actionpack (5.2.1) lib/action_controller/metal/rescue.rb:22:in `process_action'
actionpack (5.2.1) lib/action_controller/metal/instrumentation.rb:34:in `block in process_action'
activesupport (5.2.1) lib/active_support/notifications.rb:168:in `block in instrument'
activesupport (5.2.1) lib/active_support/notifications/instrumenter.rb:23:in `instrument'
activesupport (5.2.1) lib/active_support/notifications.rb:168:in `instrument'
actionpack (5.2.1) lib/action_controller/metal/instrumentation.rb:32:in `process_action'
actionpack (5.2.1) lib/action_controller/metal/params_wrapper.rb:256:in `process_action'
activerecord (5.2.1) lib/active_record/railties/controller_runtime.rb:24:in `process_action'
actionpack (5.2.1) lib/abstract_controller/base.rb:134:in `process'
actionview (5.2.1) lib/action_view/rendering.rb:32:in `process'
actionpack (5.2.1) lib/action_controller/metal.rb:191:in `dispatch'
actionpack (5.2.1) lib/action_controller/metal.rb:252:in `dispatch'
actionpack (5.2.1) lib/action_dispatch/routing/route_set.rb:52:in `dispatch'
actionpack (5.2.1) lib/action_dispatch/routing/route_set.rb:34:in `serve'
actionpack (5.2.1) lib/action_dispatch/journey/router.rb:52:in `block in serve'
actionpack (5.2.1) lib/action_dispatch/journey/router.rb:35:in `each'
actionpack (5.2.1) lib/action_dispatch/journey/router.rb:35:in `serve'
actionpack (5.2.1) lib/action_dispatch/routing/route_set.rb:840:in `call'
rack (2.2.3) lib/rack/tempfile_reaper.rb:15:in `call'
rack (2.2.3) lib/rack/etag.rb:27:in `call'
rack (2.2.3) lib/rack/conditional_get.rb:40:in `call'
rack (2.2.3) lib/rack/head.rb:12:in `call'
actionpack (5.2.1) lib/action_dispatch/http/content_security_policy.rb:18:in `call'
rack (2.2.3) lib/rack/session/abstract/id.rb:266:in `context'
rack (2.2.3) lib/rack/session/abstract/id.rb:260:in `call'
actionpack (5.2.1) lib/action_dispatch/middleware/cookies.rb:670:in `call'
activerecord (5.2.1) lib/active_record/migration.rb:559:in `call'
actionpack (5.2.1) lib/action_dispatch/middleware/callbacks.rb:28:in `block in call'
activesupport (5.2.1) lib/active_support/callbacks.rb:98:in `run_callbacks'
actionpack (5.2.1) lib/action_dispatch/middleware/callbacks.rb:26:in `call'
actionpack (5.2.1) lib/action_dispatch/middleware/executor.rb:14:in `call'
actionpack (5.2.1) lib/action_dispatch/middleware/debug_exceptions.rb:61:in `call'
web-console (3.7.0) lib/web_console/middleware.rb:135:in `call_app'
web-console (3.7.0) lib/web_console/middleware.rb:30:in `block in call'
web-console (3.7.0) lib/web_console/middleware.rb:20:in `catch'
web-console (3.7.0) lib/web_console/middleware.rb:20:in `call'
actionpack (5.2.1) lib/action_dispatch/middleware/show_exceptions.rb:33:in `call'
railties (5.2.1) lib/rails/rack/logger.rb:38:in `call_app'
railties (5.2.1) lib/rails/rack/logger.rb:26:in `block in call'
activesupport (5.2.1) lib/active_support/tagged_logging.rb:71:in `block in tagged'
activesupport (5.2.1) lib/active_support/tagged_logging.rb:28:in `tagged'
activesupport (5.2.1) lib/active_support/tagged_logging.rb:71:in `tagged'
railties (5.2.1) lib/rails/rack/logger.rb:26:in `call'
sprockets-rails (3.2.1) lib/sprockets/rails/quiet_assets.rb:13:in `call'
actionpack (5.2.1) lib/action_dispatch/middleware/remote_ip.rb:81:in `call'
actionpack (5.2.1) lib/action_dispatch/middleware/request_id.rb:27:in `call'
rack (2.2.3) lib/rack/method_override.rb:24:in `call'
rack (2.2.3) lib/rack/runtime.rb:22:in `call'
activesupport (5.2.1) lib/active_support/cache/strategy/local_cache_middleware.rb:29:in `call'
actionpack (5.2.1) lib/action_dispatch/middleware/executor.rb:14:in `call'
actionpack (5.2.1) lib/action_dispatch/middleware/static.rb:127:in `call'
rack (2.2.3) lib/rack/sendfile.rb:110:in `call'
railties (5.2.1) lib/rails/engine.rb:524:in `call'
puma (5.2.1) lib/puma/configuration.rb:247:in `call'
puma (5.2.1) lib/puma/request.rb:76:in `block in handle_request'
puma (5.2.1) lib/puma/thread_pool.rb:337:in `with_force_shutdown'
puma (5.2.1) lib/puma/request.rb:75:in `handle_request'
puma (5.2.1) lib/puma/server.rb:431:in `process_client'
puma (5.2.1) lib/puma/thread_pool.rb:145:in `block in spawn_thread'
Started GET "/" for 127.0.0.1 at 2021-05-13 20:00:25 -0300
Processing by UrlsController#index as HTML
  Rendering urls/index.html.erb within layouts/application
  [1m[36mUrl Load (0.6ms)[0m  [1m[34mSELECT "urls".* FROM "urls"[0m
  ↳ app/views/urls/index.html.erb:38
  Rendered urls/index.html.erb within layouts/application (5.4ms)
Completed 200 OK in 199ms (Views: 174.6ms | ActiveRecord: 7.6ms)


Started POST "/urls" for 127.0.0.1 at 2021-05-13 20:00:28 -0300
Processing by UrlsController#create as HTML
  Parameters: {"utf8"=>"✓", "authenticity_token"=>"Z6gCC/OeFqHwZoQFvfTv39mEg8DkB1xzIUsdp1M1bpWYnz6FOY5gPDNlIK5kfwVFZ940Kj63OLUjXACYdZDOTw==", "url"=>{"original_url"=>"teste"}}
Completed 500 Internal Server Error in 1ms (ActiveRecord: 0.0ms)


  
ActiveModel::ForbiddenAttributesError (ActiveModel::ForbiddenAttributesError):
  
app/controllers/urls_controller.rb:13:in `create'
Started POST "/urls" for 127.0.0.1 at 2021-05-13 20:01:30 -0300
Processing by UrlsController#create as HTML
  Parameters: {"utf8"=>"✓", "authenticity_token"=>"Z6gCC/OeFqHwZoQFvfTv39mEg8DkB1xzIUsdp1M1bpWYnz6FOY5gPDNlIK5kfwVFZ940Kj63OLUjXACYdZDOTw==", "url"=>{"original_url"=>"teste"}}
Unpermitted parameters: :utf8, :authenticity_token, :url
Unpermitted parameters: :utf8, :authenticity_token, :url
No template found for UrlsController#create, rendering head :no_content
Completed 204 No Content in 12ms (ActiveRecord: 0.0ms)


Started POST "/urls" for 127.0.0.1 at 2021-05-13 20:03:52 -0300
Processing by UrlsController#create as HTML
  Parameters: {"utf8"=>"✓", "authenticity_token"=>"Z6gCC/OeFqHwZoQFvfTv39mEg8DkB1xzIUsdp1M1bpWYnz6FOY5gPDNlIK5kfwVFZ940Kj63OLUjXACYdZDOTw==", "url"=>{"original_url"=>"teste"}}
No template found for UrlsController#create, rendering head :no_content
Completed 204 No Content in 43ms (ActiveRecord: 3.5ms)


  [1m[35m (0.7ms)[0m  [1m[34mSELECT COUNT(*) FROM "urls"[0m
Started GET "/" for 127.0.0.1 at 2021-05-13 20:04:21 -0300
Processing by UrlsController#index as HTML
  Rendering urls/index.html.erb within layouts/application
  [1m[36mUrl Load (0.6ms)[0m  [1m[34mSELECT "urls".* FROM "urls"[0m
  ↳ app/views/urls/index.html.erb:38
  Rendered urls/index.html.erb within layouts/application (6.9ms)
Completed 200 OK in 25ms (Views: 23.5ms | ActiveRecord: 0.6ms)


  [1m[35m (0.7ms)[0m  [1m[34mSELECT COUNT(*) FROM "urls"[0m
Started POST "/urls" for 127.0.0.1 at 2021-05-13 20:04:38 -0300
Processing by UrlsController#create as HTML
  Parameters: {"utf8"=>"✓", "authenticity_token"=>"1HuvZwQXdRabWo6PFEFtyco3OHoi74iSAnnBnCwnkSYrTJPpzgcDi1hZKiTNyodTdG2PkPhf7FQAbtyjCoIx/A==", "url"=>{"original_url"=>"teste"}}
No template found for UrlsController#create, rendering head :no_content
Completed 204 No Content in 21ms (ActiveRecord: 5.5ms)


Started POST "/urls" for 127.0.0.1 at 2021-05-13 20:04:58 -0300
Processing by UrlsController#create as HTML
  Parameters: {"utf8"=>"✓", "authenticity_token"=>"1HuvZwQXdRabWo6PFEFtyco3OHoi74iSAnnBnCwnkSYrTJPpzgcDi1hZKiTNyodTdG2PkPhf7FQAbtyjCoIx/A==", "url"=>{"original_url"=>"teste"}}
No template found for UrlsController#create, rendering head :no_content
Completed 204 No Content in 35ms (ActiveRecord: 4.1ms)


Started POST "/urls" for 127.0.0.1 at 2021-05-13 20:06:45 -0300
  
SyntaxError (/home/leticia/repositories/url_tracking/app/controllers/urls_controller.rb:58: syntax error, unexpected end-of-input, expecting end):
  
app/controllers/urls_controller.rb:58: syntax error, unexpected end-of-input, expecting end
Started POST "/urls" for 127.0.0.1 at 2021-05-13 20:06:52 -0300
Processing by UrlsController#create as HTML
  Parameters: {"utf8"=>"✓", "authenticity_token"=>"1HuvZwQXdRabWo6PFEFtyco3OHoi74iSAnnBnCwnkSYrTJPpzgcDi1hZKiTNyodTdG2PkPhf7FQAbtyjCoIx/A==", "url"=>{"original_url"=>"teste2"}}
  [1m[35m (0.2ms)[0m  [1m[35mBEGIN[0m
  ↳ app/controllers/urls_controller.rb:13
  [1m[35m (0.2ms)[0m  [1m[31mROLLBACK[0m
  ↳ app/controllers/urls_controller.rb:13
Completed 422 Unprocessable Entity in 12ms (Views: 0.2ms | ActiveRecord: 2.7ms)


Started POST "/urls" for 127.0.0.1 at 2021-05-13 20:07:19 -0300
Processing by UrlsController#create as HTML
  Parameters: {"utf8"=>"✓", "authenticity_token"=>"1HuvZwQXdRabWo6PFEFtyco3OHoi74iSAnnBnCwnkSYrTJPpzgcDi1hZKiTNyodTdG2PkPhf7FQAbtyjCoIx/A==", "url"=>{"original_url"=>"teste2"}}
  [1m[35m (0.2ms)[0m  [1m[35mBEGIN[0m
  ↳ app/controllers/urls_controller.rb:13
  [1m[35m (0.2ms)[0m  [1m[31mROLLBACK[0m
  ↳ app/controllers/urls_controller.rb:13
Completed 422 Unprocessable Entity in 15ms (Views: 0.2ms | ActiveRecord: 5.3ms)


Started POST "/urls" for 127.0.0.1 at 2021-05-13 20:08:15 -0300
Processing by UrlsController#create as HTML
  Parameters: {"utf8"=>"✓", "authenticity_token"=>"1HuvZwQXdRabWo6PFEFtyco3OHoi74iSAnnBnCwnkSYrTJPpzgcDi1hZKiTNyodTdG2PkPhf7FQAbtyjCoIx/A==", "url"=>{"original_url"=>"teste2"}}
  [1m[35m (0.2ms)[0m  [1m[35mBEGIN[0m
  ↳ app/controllers/urls_controller.rb:13
  [1m[35m (0.2ms)[0m  [1m[31mROLLBACK[0m
  ↳ app/controllers/urls_controller.rb:13
Completed 422 Unprocessable Entity in 12ms (Views: 0.2ms | ActiveRecord: 4.2ms)


Started POST "/urls" for 127.0.0.1 at 2021-05-13 20:08:47 -0300
Processing by UrlsController#create as HTML
  Parameters: {"utf8"=>"✓", "authenticity_token"=>"1HuvZwQXdRabWo6PFEFtyco3OHoi74iSAnnBnCwnkSYrTJPpzgcDi1hZKiTNyodTdG2PkPhf7FQAbtyjCoIx/A==", "url"=>{"original_url"=>"teste2"}}
Completed 500 Internal Server Error in 16ms (ActiveRecord: 1.9ms)


  
NoMethodError (undefined method `before_validate' for #<Class:0x00007ff35d405ff8>
Did you mean?  before_validation
               before_update):
  
app/models/url.rb:4:in `<class:Url>'
app/models/url.rb:3:in `<main>'
app/controllers/urls_controller.rb:11:in `create'
Started POST "/urls" for 127.0.0.1 at 2021-05-13 20:09:00 -0300
Processing by UrlsController#create as HTML
  Parameters: {"utf8"=>"✓", "authenticity_token"=>"1HuvZwQXdRabWo6PFEFtyco3OHoi74iSAnnBnCwnkSYrTJPpzgcDi1hZKiTNyodTdG2PkPhf7FQAbtyjCoIx/A==", "url"=>{"original_url"=>"teste2"}}
  [1m[35m (0.2ms)[0m  [1m[35mBEGIN[0m
  ↳ app/controllers/urls_controller.rb:13
  [1m[35m (0.2ms)[0m  [1m[31mROLLBACK[0m
  ↳ app/controllers/urls_controller.rb:13
Completed 422 Unprocessable Entity in 14ms (Views: 0.2ms | ActiveRecord: 4.1ms)


Started POST "/urls" for 127.0.0.1 at 2021-05-13 20:09:50 -0300
Processing by UrlsController#create as HTML
  Parameters: {"utf8"=>"✓", "authenticity_token"=>"1HuvZwQXdRabWo6PFEFtyco3OHoi74iSAnnBnCwnkSYrTJPpzgcDi1hZKiTNyodTdG2PkPhf7FQAbtyjCoIx/A==", "url"=>{"original_url"=>"teste2"}}
  [1m[35m (0.4ms)[0m  [1m[35mBEGIN[0m
  ↳ app/controllers/urls_controller.rb:13
  [1m[36mUrl Create (0.6ms)[0m  [1m[32mINSERT INTO "urls" ("created_at", "updated_at", "short_url", "original_url") VALUES ($1, $2, $3, $4) RETURNING "id"[0m  [["created_at", "2021-05-13 23:09:50.313859"], ["updated_at", "2021-05-13 23:09:50.313859"], ["short_url", "8bac34"], ["original_url", "teste2"]]
  ↳ app/controllers/urls_controller.rb:13
  [1m[35m (0.7ms)[0m  [1m[35mCOMMIT[0m
  ↳ app/controllers/urls_controller.rb:13
Completed 201 Created in 16ms (Views: 0.4ms | ActiveRecord: 4.5ms)


  [1m[35m (0.8ms)[0m  [1m[34mSELECT COUNT(*) FROM "urls"[0m
Started GET "/" for 127.0.0.1 at 2021-05-13 20:10:01 -0300
Processing by UrlsController#index as HTML
  Rendering urls/index.html.erb within layouts/application
  [1m[36mUrl Load (0.4ms)[0m  [1m[34mSELECT "urls".* FROM "urls"[0m
  ↳ app/views/urls/index.html.erb:38
  Rendered urls/index.html.erb within layouts/application (2.4ms)
Completed 200 OK in 14ms (Views: 11.7ms | ActiveRecord: 0.4ms)


Started GET "/" for 127.0.0.1 at 2021-05-13 20:10:09 -0300
Processing by UrlsController#index as HTML
  Rendering urls/index.html.erb within layouts/application
  [1m[36mUrl Load (0.5ms)[0m  [1m[34mSELECT "urls".* FROM "urls"[0m
  ↳ app/views/urls/index.html.erb:38
  Rendered urls/index.html.erb within layouts/application (4.2ms)
Completed 200 OK in 15ms (Views: 13.1ms | ActiveRecord: 0.5ms)


  [1m[36mUrl Load (0.5ms)[0m  [1m[34mSELECT  "urls".* FROM "urls" ORDER BY "urls"."id" ASC LIMIT $1[0m  [["LIMIT", 1]]
